<?xml version="1.0" encoding="utf-8"?><testsuites name="pytest tests"><testsuite name="pytest" errors="0" failures="0" skipped="0" tests="8" time="1.749" timestamp="2026-07-20T10:39:02.427427+00:00" hostname="agent-env-c0fc8ae4-b412-43b6-a34b-59239977d41d"><testcase classname="tests.test_broker_payments" name="test_add_payment_from_party" time="0.447" /><testcase classname="tests.test_broker_payments" name="test_add_payment_to_transporter" time="0.056" /><testcase classname="tests.test_broker_payments" name="test_put_preserves_payments" time="0.052" /><testcase classname="tests.test_broker_payments" name="test_stats_summary_fields" time="0.042" /><testcase classname="tests.test_broker_payments" name="test_delete_payment" time="0.125" /><testcase classname="tests.test_broker_payments" name="test_invalid_direction_rejected" time="0.034" /><testcase classname="tests.test_broker_payments" name="test_payment_on_missing_trip" time="0.051" /><testcase classname="tests.test_broker_payments" name="test_regression_crud_others" time="0.411" /></testsuite></testsuites>