<?xml version="1.0" encoding="utf-8"?><testsuites name="pytest tests"><testsuite name="pytest" errors="0" failures="0" skipped="0" tests="8" time="2.460" timestamp="2026-07-20T10:50:43.695331+00:00" hostname="agent-env-c0fc8ae4-b412-43b6-a34b-59239977d41d"><testcase classname="tests.test_multifirm.TestRegression" name="test_payment_ledger_and_commission_autocalc" time="0.543" /><testcase classname="tests.test_multifirm.TestFirms" name="test_seeded_firms" time="0.277" /><testcase classname="tests.test_multifirm.TestFirms" name="test_firm_crud" time="0.412" /><testcase classname="tests.test_multifirm.TestRegression" name="test_trucks_drivers_parties_crud" time="0.448" /><testcase classname="tests.test_multifirm.TestFirms" name="test_delete_missing_firm_404" time="0.043" /><testcase classname="tests.test_multifirm.TestExpensesFirm" name="test_expense_firm_filter" time="0.283" /><testcase classname="tests.test_multifirm.TestTripsFirm" name="test_trip_firm_persistence_and_filter" time="0.371" /><testcase classname="tests.test_multifirm.TestStatsFirm" name="test_stats_summary_scoped_by_firm" time="0.588" /></testsuite></testsuites>