<?xml version="1.0" encoding="utf-8"?><testsuites name="pytest tests"><testsuite name="pytest" errors="0" failures="0" skipped="0" tests="10" time="1.201" timestamp="2026-07-20T12:01:57.609201+00:00" hostname="agent-env-c0fc8ae4-b412-43b6-a34b-59239977d41d"><testcase classname="tests.test_ledger.TestRegression" name="test_firms_list" time="0.006" /><testcase classname="tests.test_ledger.TestRegression" name="test_trips_list" time="0.043" /><testcase classname="tests.test_ledger.TestPartyPaymentsCRUD" name="test_list_supports_filter" time="0.093" /><testcase classname="tests.test_ledger.TestRegression" name="test_parties_list" time="0.043" /><testcase classname="tests.test_ledger.TestRegression" name="test_stats" time="0.045" /><testcase classname="tests.test_ledger.TestPartyPaymentsCRUD" name="test_create_and_get" time="0.176" /><testcase classname="tests.test_ledger.TestConsignorLedger" name="test_full_scenario" time="0.434" /><testcase classname="tests.test_ledger.TestPartyPaymentsCRUD" name="test_delete_nonexistent" time="0.043" /><testcase classname="tests.test_ledger.TestTransporterLedger" name="test_full_scenario" time="0.345" /><testcase classname="tests.test_ledger" name="test_ledger_party_not_found" time="0.129" /></testsuite></testsuites>